0 info it worked if it ends with ok
1 verbose cli [ 'C:\\Program Files\\nodejs\\\\node.exe',
1 verbose cli   'C:\\Program Files\\nodejs\\node_modules\\npm\\bin\\npm-cli.js',
1 verbose cli   'install',
1 verbose cli   'fast-json-patch',
1 verbose cli   '--save',
1 verbose cli   '--msvs_version=2013' ]
2 info using npm@1.4.28
3 info using node@v0.10.35
4 verbose node symlink C:\Program Files\nodejs\\node.exe
5 verbose readDependencies using package.json deps
6 verbose cache add [ 'fast-json-patch@https://github.com/biofractal/JSON-Patch.git',
6 verbose cache add   null ]
7 verbose cache add name=undefined spec="fast-json-patch@https://github.com/biofractal/JSON-Patch.git" args=["fast-json-patch@https://github.com/biofractal/JSON-Patch.git",null]
8 verbose parsed url { protocol: null,
8 verbose parsed url   slashes: null,
8 verbose parsed url   auth: null,
8 verbose parsed url   host: null,
8 verbose parsed url   port: null,
8 verbose parsed url   hostname: null,
8 verbose parsed url   hash: null,
8 verbose parsed url   search: null,
8 verbose parsed url   query: null,
8 verbose parsed url   pathname: 'fast-json-patch@https://github.com/biofractal/JSON-Patch.git',
8 verbose parsed url   path: 'fast-json-patch@https://github.com/biofractal/JSON-Patch.git',
8 verbose parsed url   href: 'fast-json-patch@https://github.com/biofractal/JSON-Patch.git' }
9 verbose cache add name="fast-json-patch" spec="https://github.com/biofractal/JSON-Patch.git" args=["fast-json-patch","https://github.com/biofractal/JSON-Patch.git"]
10 verbose parsed url { protocol: 'https:',
10 verbose parsed url   slashes: true,
10 verbose parsed url   auth: null,
10 verbose parsed url   host: 'github.com',
10 verbose parsed url   port: null,
10 verbose parsed url   hostname: 'github.com',
10 verbose parsed url   hash: null,
10 verbose parsed url   search: null,
10 verbose parsed url   query: null,
10 verbose parsed url   pathname: '/biofractal/JSON-Patch.git',
10 verbose parsed url   path: '/biofractal/JSON-Patch.git',
10 verbose parsed url   href: 'https://github.com/biofractal/JSON-Patch.git' }
11 silly lockFile b317969f-ub-com-biofractal-JSON-Patch-git https://github.com/biofractal/JSON-Patch.git
12 verbose lock https://github.com/biofractal/JSON-Patch.git C:\Users\Jonny\AppData\Roaming\npm-cache\b317969f-ub-com-biofractal-JSON-Patch-git.lock
13 verbose addRemoteTarball [ 'https://github.com/biofractal/JSON-Patch.git', null ]
14 info retry fetch attempt 1 at 16:06:21
15 verbose fetch to= C:\Users\Jonny\AppData\Local\Temp\npm-8264-g0v-2_uN\github.com\biofractal\JSON-Patch.git
16 http GET https://github.com/biofractal/JSON-Patch.git
17 http 200 https://github.com/biofractal/JSON-Patch.git
18 verbose tar unpack C:\Users\Jonny\AppData\Local\Temp\npm-8264-g0v-2_uN\github.com\biofractal\JSON-Patch.git
19 silly lockFile ac4e0e2a-biofractal-JSON-Patch-git-unpack tar://C:\Users\Jonny\AppData\Local\Temp\npm-8264-g0v-2_uN\github.com\biofractal\JSON-Patch.git-unpack
20 verbose lock tar://C:\Users\Jonny\AppData\Local\Temp\npm-8264-g0v-2_uN\github.com\biofractal\JSON-Patch.git-unpack C:\Users\Jonny\AppData\Roaming\npm-cache\ac4e0e2a-biofractal-JSON-Patch-git-unpack.lock
21 silly lockFile 01a4fc2d-ub-com-biofractal-JSON-Patch-git tar://C:\Users\Jonny\AppData\Local\Temp\npm-8264-g0v-2_uN\github.com\biofractal\JSON-Patch.git
22 verbose lock tar://C:\Users\Jonny\AppData\Local\Temp\npm-8264-g0v-2_uN\github.com\biofractal\JSON-Patch.git C:\Users\Jonny\AppData\Roaming\npm-cache\01a4fc2d-ub-com-biofractal-JSON-Patch-git.lock
23 silly gunzTarPerm modes [ '777', '666' ]
24 error not a package C:\Users\Jonny\AppData\Local\Temp\npm-8264-g0v-2_uN\github.com\biofractal\JSON-Patch.git
25 silly lockFile ac4e0e2a-biofractal-JSON-Patch-git-unpack tar://C:\Users\Jonny\AppData\Local\Temp\npm-8264-g0v-2_uN\github.com\biofractal\JSON-Patch.git-unpack
26 silly lockFile ac4e0e2a-biofractal-JSON-Patch-git-unpack tar://C:\Users\Jonny\AppData\Local\Temp\npm-8264-g0v-2_uN\github.com\biofractal\JSON-Patch.git-unpack
27 silly lockFile 01a4fc2d-ub-com-biofractal-JSON-Patch-git tar://C:\Users\Jonny\AppData\Local\Temp\npm-8264-g0v-2_uN\github.com\biofractal\JSON-Patch.git
28 silly lockFile 01a4fc2d-ub-com-biofractal-JSON-Patch-git tar://C:\Users\Jonny\AppData\Local\Temp\npm-8264-g0v-2_uN\github.com\biofractal\JSON-Patch.git
29 silly lockFile b317969f-ub-com-biofractal-JSON-Patch-git https://github.com/biofractal/JSON-Patch.git
30 silly lockFile b317969f-ub-com-biofractal-JSON-Patch-git https://github.com/biofractal/JSON-Patch.git
31 error Error: ENOENT, open 'C:\Users\Jonny\AppData\Local\Temp\npm-8264-g0v-2_uN\github.com\biofractal\JSON-Patch.git-unpack\package.json'
32 error If you need help, you may report this *entire* log,
32 error including the npm and node versions, at:
32 error     <http://github.com/npm/npm/issues>
33 error System Windows_NT 6.1.7601
34 error command "C:\\Program Files\\nodejs\\\\node.exe" "C:\\Program Files\\nodejs\\node_modules\\npm\\bin\\npm-cli.js" "install" "fast-json-patch" "--save" "--msvs_version=2013"
35 error cwd X:\Development\forks\resourcejs
36 error node -v v0.10.35
37 error npm -v 1.4.28
38 error path C:\Users\Jonny\AppData\Local\Temp\npm-8264-g0v-2_uN\github.com\biofractal\JSON-Patch.git-unpack\package.json
39 error code ENOENT
40 error errno 34
41 verbose exit [ 34, true ]
